[debug] [2020-12-16T21:44:38.586Z] ----------------------------------------------------------------------
[debug] [2020-12-16T21:44:38.594Z] Command:       C:\Program Files\nodejs\node.exe C:\Users\Ammar\AppData\Roaming\npm\node_modules\firebase-tools\lib\bin\firebase.js deploy
[debug] [2020-12-16T21:44:38.595Z] CLI Version:   7.15.0
[debug] [2020-12-16T21:44:38.596Z] Platform:      win32
[debug] [2020-12-16T21:44:38.596Z] Node Version:  v14.15.1
[debug] [2020-12-16T21:44:38.599Z] Time:          Thu Dec 17 2020 02:44:38 GMT+0500 (Pakistan Standard Time)
[debug] [2020-12-16T21:44:38.600Z] ----------------------------------------------------------------------
[debug] [2020-12-16T21:44:38.600Z] 
[debug] [2020-12-16T21:44:38.795Z] > command requires scopes: ["email","openid","https://www.googleapis.com/auth/cloudplatformprojects.readonly","https://www.googleapis.com/auth/firebase","https://www.googleapis.com/auth/cloud-platform"]
[debug] [2020-12-16T21:44:38.796Z] > authorizing via signed-in user
[debug] [2020-12-16T21:44:38.796Z] [iam] checking project sbs-evaluation for permissions ["firebase.projects.get","firebasehosting.sites.update"]
[debug] [2020-12-16T21:44:38.801Z] > refreshing access token with scopes: ["email","https://www.googleapis.com/auth/cloud-platform","https://www.googleapis.com/auth/cloudplatformprojects.readonly","https://www.googleapis.com/auth/firebase","openid"]
[debug] [2020-12-16T21:44:38.801Z] >>> HTTP REQUEST POST https://www.googleapis.com/oauth2/v3/token  
 <request body omitted>
[debug] [2020-12-16T21:44:39.243Z] <<< HTTP RESPONSE 200
[debug] [2020-12-16T21:44:39.407Z] >>> HTTP REQUEST POST https://cloudresourcemanager.googleapis.com/v1/projects/sbs-evaluation:testIamPermissions  

[debug] [2020-12-16T21:45:00.604Z] [iam] error while checking permissions, command may fail: FirebaseError: Server Error. connect ETIMEDOUT 216.58.209.138:443
[debug] [2020-12-16T21:45:00.607Z] >>> HTTP REQUEST GET https://firebase.googleapis.com/v1beta1/projects/sbs-evaluation  
 
[debug] [2020-12-16T21:45:01.077Z] <<< HTTP RESPONSE 200
[info] 
[info] === Deploying to 'sbs-evaluation'...
[info] 
[info] i  deploying hosting
[debug] [2020-12-16T21:45:01.198Z] >>> HTTP REQUEST POST https://firebasehosting.googleapis.com/v1beta1/sites/sbs-evaluation/versions  

[debug] [2020-12-16T21:45:03.772Z] <<< HTTP RESPONSE 200
[info] i  hosting[sbs-evaluation]: beginning deploy...
[info] i  hosting[sbs-evaluation]: found 186 files in build
[debug] [2020-12-16T21:45:34.009Z] [hosting] hash cache [YnVpbGQ] stored for 186 files
[debug] [2020-12-16T21:45:34.015Z] [hosting][hash queue][FINAL]
[debug] [2020-12-16T21:45:34.016Z] >>> HTTP REQUEST POST https://firebasehosting.googleapis.com/v1beta1/sites/sbs-evaluation/versions/f4127c4308b57d83:populateFiles  
 <request body omitted>
[debug] [2020-12-16T21:45:36.552Z] <<< HTTP RESPONSE 200
[debug] [2020-12-16T21:45:36.562Z] [hosting][populate queue][FINAL]
[debug] [2020-12-16T21:45:36.564Z] [hosting] uploads queued: 6
[debug] [2020-12-16T21:45:58.143Z] [uploadQueue] Retrying task d49807e2f214c6c1a7274f5c970e4de3795687938225c0cd4e40c2d30fc25d09
[debug] [2020-12-16T21:46:00.901Z] [hosting][upload queue][FINAL]
[info] +  hosting[sbs-evaluation]: file upload complete
[debug] [2020-12-16T21:46:00.903Z] [hosting] deploy completed after 57128ms
[debug] [2020-12-16T21:46:01.297Z] [
  {
    "config": {
      "public": "build",
      "ignore": [
        "firebase.json",
        "**/.*",
        "**/node_modules/**"
      ],
      "rewrites": [
        {
          "source": "**",
          "destination": "/index.html"
        }
      ],
      "site": "sbs-evaluation"
    },
    "site": "sbs-evaluation",
    "version": "sites/sbs-evaluation/versions/f4127c4308b57d83"
  }
]
[info] i  hosting[sbs-evaluation]: finalizing version...
[debug] [2020-12-16T21:46:01.300Z] >>> HTTP REQUEST PATCH https://firebasehosting.googleapis.com/v1beta1/sites/sbs-evaluation/versions/f4127c4308b57d83?updateMask=status  

[debug] [2020-12-16T21:46:03.287Z] <<< HTTP RESPONSE 200
[debug] [2020-12-16T21:46:03.287Z] [hosting] finalized version for sbs-evaluation:
[info] +  hosting[sbs-evaluation]: version finalized
[info] i  hosting[sbs-evaluation]: releasing new version...
[debug] [2020-12-16T21:46:03.289Z] >>> HTTP REQUEST POST https://firebasehosting.googleapis.com/v1beta1/sites/sbs-evaluation/releases?version_name=sites/sbs-evaluation/versions/f4127c4308b57d83  

[debug] [2020-12-16T21:46:24.609Z] Error: connect ETIMEDOUT 172.217.169.234:443
    at TCPConnectWrap.afterConnect [as oncomplete] (net.js:1146:16)
[error] 
[error] Error: Server Error. connect ETIMEDOUT 172.217.169.234:443
